2023.11.08 09:13:08 INFO  Started: Metals version 1.1.0 in folders '/Users/acabase/contact-book-backend' for client Visual Studio Code 1.74.3.
2023.11.08 09:13:11 ERROR Unexpected error initializing server: 
scala.concurrent.Future$$anon$2: Future.filter predicate is not satisfied

2023.11.08 09:13:18 INFO  no build target found for /Users/acabase/contact-book-backend/build.sbt. Using presentation compiler with project's scala-library version: 3.3.1
2023.11.08 09:13:50 WARN  Could not find semantic tokens for: file:///Users/acabase/contact-book-backend/project/plugins.sbt
2023.11.08 09:14:21 WARN  no build target for: /Users/acabase/contact-book-backend/build.sbt
2023.11.08 09:14:56 WARN  no build target for: /Users/acabase/contact-book-backend/build.sbt
2023.11.08 09:16:59 WARN  no build target for: /Users/acabase/contact-book-backend/build.sbt
2023.11.08 09:18:08 WARN  no build target for: /Users/acabase/contact-book-backend/build.sbt
2023.11.08 09:18:16 WARN  no build target for: /Users/acabase/contact-book-backend/build.sbt
2023.11.08 09:18:33 WARN  no build target for: /Users/acabase/contact-book-backend/build.sbt
Nov 08, 2023 9:19:40 AM org.eclipse.lsp4j.jsonrpc.RemoteEndpoint handleCancellation
WARNING: Unmatched cancel notification for request id 205
2023.11.08 09:21:05 WARN  no build target for: /Users/acabase/contact-book-backend/build.sbt
2023.11.08 09:25:15 WARN  no build target for: /Users/acabase/contact-book-backend/build.sbt
2023.11.08 09:25:33 WARN  no build target for: /Users/acabase/contact-book-backend/build.sbt
2023.11.08 09:25:33 WARN  no build target for: /Users/acabase/contact-book-backend/build.sbt
2023.11.08 09:25:36 WARN  no build target for: /Users/acabase/contact-book-backend/build.sbt
2023.11.08 09:25:36 WARN  no build target for: /Users/acabase/contact-book-backend/build.sbt
Nov 08, 2023 9:25:39 AM org.eclipse.lsp4j.jsonrpc.RemoteEndpoint handleCancellation
WARNING: Unmatched cancel notification for request id 330
2023.11.08 09:27:48 WARN  no build target for: /Users/acabase/contact-book-backend/build.sbt
2023.11.08 09:27:51 WARN  no build target for: /Users/acabase/contact-book-backend/build.sbt
Nov 08, 2023 9:28:22 AM org.eclipse.lsp4j.jsonrpc.RemoteEndpoint handleCancellation
WARNING: Unmatched cancel notification for request id 391
2023.11.08 09:28:23 WARN  no build target for: /Users/acabase/contact-book-backend/app/controllers/HomeController.scala
2023.11.08 09:29:22 WARN  no build target for: /Users/acabase/contact-book-backend/build.sbt
Nov 08, 2023 9:29:23 AM org.eclipse.lsp4j.jsonrpc.RemoteEndpoint handleCancellation
WARNING: Unmatched cancel notification for request id 444
2023.11.08 09:30:00 WARN  no build target for: /Users/acabase/contact-book-backend/build.sbt
2023.11.08 09:30:04 WARN  no build target for: /Users/acabase/contact-book-backend/build.sbt
2023.11.08 09:30:22 WARN  no build target for: /Users/acabase/contact-book-backend/build.sbt
2023.11.08 09:30:53 WARN  Could not find semantic tokens for: file:///Users/acabase/contact-book-backend/app/models/domain/Contact.scala
2023.11.08 09:30:57 WARN  Could not find semantic tokens for: file:///Users/acabase/contact-book-backend/app/models/domain/Contact.scala
2023.11.08 09:30:57 WARN  Could not find semantic tokens for: file:///Users/acabase/contact-book-backend/app/models/domain/Contact.scala
Nov 08, 2023 9:31:04 AM org.eclipse.lsp4j.jsonrpc.RemoteEndpoint handleCancellation
WARNING: Unmatched cancel notification for request id 530
Nov 08, 2023 9:31:06 AM org.eclipse.lsp4j.jsonrpc.RemoteEndpoint handleCancellation
WARNING: Unmatched cancel notification for request id 559
Nov 08, 2023 9:31:40 AM org.eclipse.lsp4j.jsonrpc.RemoteEndpoint handleCancellation
WARNING: Unmatched cancel notification for request id 783
Nov 08, 2023 9:32:05 AM org.eclipse.lsp4j.jsonrpc.RemoteEndpoint handleCancellation
WARNING: Unmatched cancel notification for request id 881
Nov 08, 2023 9:32:22 AM org.eclipse.lsp4j.jsonrpc.RemoteEndpoint handleCancellation
WARNING: Unmatched cancel notification for request id 970
Nov 08, 2023 9:34:25 AM org.eclipse.lsp4j.jsonrpc.RemoteEndpoint handleCancellation
WARNING: Unmatched cancel notification for request id 1391
Nov 08, 2023 9:35:00 AM org.eclipse.lsp4j.jsonrpc.RemoteEndpoint handleCancellation
WARNING: Unmatched cancel notification for request id 1517
Nov 08, 2023 9:35:02 AM org.eclipse.lsp4j.jsonrpc.RemoteEndpoint handleCancellation
WARNING: Unmatched cancel notification for request id 1528
2023.11.08 09:35:06 WARN  no build target for: /Users/acabase/contact-book-backend/app/models/domain/Contact.scala
2023.11.08 09:37:07 WARN  no build target for: /Users/acabase/contact-book-backend/app/models/domain/Contact.scala
2023.11.08 09:37:11 WARN  no build target for: /Users/acabase/contact-book-backend/app/models/domain/Contact.scala
2023.11.08 09:37:21 WARN  Could not find semantic tokens for: file:///Users/acabase/contact-book-backend/app/models/repo/ContactRepo.scala
2023.11.08 09:37:24 WARN  Could not find semantic tokens for: file:///Users/acabase/contact-book-backend/app/models/repo/ContactRepo.scala
2023.11.08 09:37:25 WARN  Could not find semantic tokens for: file:///Users/acabase/contact-book-backend/app/models/repo/ContactRepo.scala
2023.11.08 09:37:25 WARN  Could not find semantic tokens for: file:///Users/acabase/contact-book-backend/app/models/repo/ContactRepo.scala
2023.11.08 09:37:26 WARN  Could not find semantic tokens for: file:///Users/acabase/contact-book-backend/app/models/repo/ContactRepo.scala
Nov 08, 2023 9:38:35 AM org.eclipse.lsp4j.jsonrpc.RemoteEndpoint handleCancellation
WARNING: Unmatched cancel notification for request id 2052
Nov 08, 2023 9:38:41 AM scala.meta.internal.pc.CompilerAccess handleError
SEVERE: A severe compiler error occurred, full details of the error can be found in the error report /Users/acabase/contact-book-backend/.metals/.reports/metals-full/2023-11-08/r_compiler-error_09-38-41-287.md
2023.11.08 09:38:44 WARN  no build target for: /Users/acabase/contact-book-backend/app/models/repo/ContactRepo.scala
2023.11.08 09:38:49 WARN  no build target for: /Users/acabase/contact-book-backend/app/models/repo/ContactRepo.scala
2023.11.08 09:39:03 WARN  no build target for: /Users/acabase/contact-book-backend/app/models/repo/ContactRepo.scala
2023.11.08 09:39:08 WARN  no build target for: /Users/acabase/contact-book-backend/app/models/repo/ContactRepo.scala
2023.11.08 09:39:19 WARN  no build target for: /Users/acabase/contact-book-backend/app/models/repo/ContactRepo.scala
2023.11.08 09:39:32 WARN  no build target for: /Users/acabase/contact-book-backend/app/models/repo/ContactRepo.scala
2023.11.08 09:39:39 WARN  no build target for: /Users/acabase/contact-book-backend/app/models/repo/ContactRepo.scala
2023.11.08 09:39:41 WARN  no build target for: /Users/acabase/contact-book-backend/app/models/repo/ContactRepo.scala
2023.11.08 09:39:57 WARN  no build target for: /Users/acabase/contact-book-backend/app/models/repo/ContactRepo.scala
2023.11.08 09:40:53 WARN  no build target for: /Users/acabase/contact-book-backend/app/models/repo/ContactRepo.scala
2023.11.08 09:40:58 WARN  no build target for: /Users/acabase/contact-book-backend/app/models/repo/ContactRepo.scala
Nov 08, 2023 9:41:28 AM scala.meta.internal.pc.CompilerAccess handleError
SEVERE: A severe compiler error occurred, full details of the error can be found in the error report /Users/acabase/contact-book-backend/.metals/.reports/metals-full/2023-11-08/r_compiler-error_09-41-28-216.md
2023.11.08 09:41:29 WARN  no build target for: /Users/acabase/contact-book-backend/app/models/repo/ContactRepo.scala
Nov 08, 2023 9:41:33 AM scala.meta.internal.pc.CompilerAccess handleError
SEVERE: A severe compiler error occurred, full details of the error can be found in the error report /Users/acabase/contact-book-backend/.metals/.reports/metals-full/2023-11-08/r_compiler-error_09-41-33-261.md
2023.11.08 09:41:42 WARN  no build target for: /Users/acabase/contact-book-backend/app/models/repo/ContactRepo.scala
Nov 08, 2023 9:41:42 AM org.eclipse.lsp4j.jsonrpc.RemoteEndpoint handleCancellation
WARNING: Unmatched cancel notification for request id 2836
Nov 08, 2023 9:42:13 AM org.eclipse.lsp4j.jsonrpc.RemoteEndpoint handleCancellation
WARNING: Unmatched cancel notification for request id 3010
2023.11.08 09:42:18 WARN  no build target for: /Users/acabase/contact-book-backend/app/models/repo/ContactRepo.scala
2023.11.08 09:42:23 WARN  no build target for: /Users/acabase/contact-book-backend/app/models/repo/ContactRepo.scala
2023.11.08 09:43:06 WARN  no build target for: /Users/acabase/contact-book-backend/app/controllers/HomeController.scala
2023.11.08 09:43:46 WARN  no build target for: /Users/acabase/contact-book-backend/app/controllers/HomeController.scala
Nov 08, 2023 9:43:55 AM org.eclipse.lsp4j.jsonrpc.RemoteEndpoint handleCancellation
WARNING: Unmatched cancel notification for request id 3541
Nov 08, 2023 9:44:07 AM org.eclipse.lsp4j.jsonrpc.RemoteEndpoint handleCancellation
WARNING: Unmatched cancel notification for request id 3604
2023.11.08 09:44:09 WARN  no build target for: /Users/acabase/contact-book-backend/app/models/repo/ContactRepo.scala
Nov 08, 2023 9:44:18 AM org.eclipse.lsp4j.jsonrpc.RemoteEndpoint handleCancellation
WARNING: Unmatched cancel notification for request id 3669
2023.11.08 09:44:40 WARN  no build target for: /Users/acabase/contact-book-backend/app/controllers/HomeController.scala
2023.11.08 09:44:49 WARN  no build target for: /Users/acabase/contact-book-backend/app/controllers/HomeController.scala
2023.11.08 09:46:02 WARN  no build target for: /Users/acabase/contact-book-backend/app/models/repo/ContactRepo.scala
2023.11.08 09:54:41 WARN  no build target for: /Users/acabase/contact-book-backend/app/models/repo/ContactRepo.scala
Nov 08, 2023 9:55:10 AM org.eclipse.lsp4j.jsonrpc.RemoteEndpoint handleCancellation
WARNING: Unmatched cancel notification for request id 4118
2023.11.08 09:56:04 WARN  no build target for: /Users/acabase/contact-book-backend/app/controllers/HomeController.scala
Nov 08, 2023 9:56:55 AM org.eclipse.lsp4j.jsonrpc.RemoteEndpoint handleCancellation
WARNING: Unmatched cancel notification for request id 4443
2023.11.08 09:57:10 WARN  no build target for: /Users/acabase/contact-book-backend/app/models/repo/ContactRepo.scala
2023.11.08 09:58:20 WARN  no build target for: /Users/acabase/contact-book-backend/app/controllers/HomeController.scala
2023.11.08 09:58:31 WARN  no build target for: /Users/acabase/contact-book-backend/app/controllers/HomeController.scala
2023.11.08 09:59:23 WARN  no build target for: /Users/acabase/contact-book-backend/app/controllers/HomeController.scala
2023.11.08 09:59:26 WARN  no build target for: /Users/acabase/contact-book-backend/app/controllers/HomeController.scala
2023.11.08 09:59:55 WARN  no build target for: /Users/acabase/contact-book-backend/app/controllers/HomeController.scala
2023.11.08 10:00:35 WARN  no build target for: /Users/acabase/contact-book-backend/app/controllers/HomeController.scala
2023.11.08 10:00:58 WARN  no build target for: /Users/acabase/contact-book-backend/app/controllers/HomeController.scala
2023.11.08 10:01:19 WARN  no build target for: /Users/acabase/contact-book-backend/app/models/domain/Contact.scala
2023.11.08 10:01:51 WARN  no build target for: /Users/acabase/contact-book-backend/app/controllers/HomeController.scala
2023.11.08 10:01:59 WARN  no build target for: /Users/acabase/contact-book-backend/app/controllers/HomeController.scala
2023.11.08 10:02:05 WARN  no build target for: /Users/acabase/contact-book-backend/app/controllers/HomeController.scala
2023.11.08 10:02:07 WARN  no build target for: /Users/acabase/contact-book-backend/app/controllers/HomeController.scala
2023.11.08 10:02:25 WARN  no build target for: /Users/acabase/contact-book-backend/app/controllers/HomeController.scala
Nov 08, 2023 10:02:39 AM org.eclipse.lsp4j.jsonrpc.RemoteEndpoint handleCancellation
WARNING: Unmatched cancel notification for request id 5318
2023.11.08 10:02:52 WARN  no build target for: /Users/acabase/contact-book-backend/app/controllers/HomeController.scala
2023.11.08 10:02:54 WARN  no build target for: /Users/acabase/contact-book-backend/app/controllers/HomeController.scala
Exception in thread "pool-3-thread-1" java.lang.Error: java.lang.InterruptedException
	at java.util.concurrent.ThreadPoolExecutor.runWorker(ThreadPoolExecutor.java:1155)
	at java.util.concurrent.ThreadPoolExecutor$Worker.run(ThreadPoolExecutor.java:624)
	at java.lang.Thread.run(Thread.java:748)
Caused by: java.lang.InterruptedException
	at scala.meta.internal.metals.FutureCancelToken.checkCanceled(FutureCancelToken.scala:29)
	at scala.meta.internal.pc.CompilerAccess.onCompilerJobQueue$$anonfun$1(CompilerAccess.scala:230)
	at scala.meta.internal.pc.CompilerJobQueue$Job.run(CompilerJobQueue.scala:152)
	at java.util.concurrent.ThreadPoolExecutor.runWorker(ThreadPoolExecutor.java:1149)
	... 2 more
2023.11.08 10:05:09 WARN  no build target for: /Users/acabase/contact-book-backend/app/models/domain/Contact.scala
2023.11.08 10:05:16 WARN  no build target for: /Users/acabase/contact-book-backend/app/models/domain/Contact.scala
2023.11.08 10:05:25 WARN  no build target for: /Users/acabase/contact-book-backend/app/models/domain/Contact.scala
2023.11.08 10:05:42 WARN  no build target for: /Users/acabase/contact-book-backend/app/models/repo/ContactRepo.scala
Nov 08, 2023 10:05:43 AM org.eclipse.lsp4j.jsonrpc.RemoteEndpoint handleCancellation
WARNING: Unmatched cancel notification for request id 5621
2023.11.08 10:06:09 WARN  no build target for: /Users/acabase/contact-book-backend/app/controllers/HomeController.scala
2023.11.08 10:07:24 WARN  no build target for: /Users/acabase/contact-book-backend/app/models/domain/Contact.scala
2023.11.08 10:07:31 WARN  no build target for: /Users/acabase/contact-book-backend/app/models/domain/Contact.scala
2023.11.08 10:07:31 WARN  no build target for: /Users/acabase/contact-book-backend/app/models/domain/Contact.scala
2023.11.08 10:08:01 WARN  no build target for: /Users/acabase/contact-book-backend/app/models/domain/Contact.scala
2023.11.08 10:08:18 WARN  Using indexes to guess the definition of apply
2023.11.08 10:08:19 WARN  no build target for: /Users/acabase/contact-book-backend/app/models/domain/Contact.scala
2023.11.08 10:08:22 WARN  no build target for: /Users/acabase/contact-book-backend/app/models/domain/Contact.scala
Nov 08, 2023 10:08:32 AM org.eclipse.lsp4j.jsonrpc.RemoteEndpoint handleCancellation
WARNING: Unmatched cancel notification for request id 5989
2023.11.08 10:08:34 WARN  no build target for: /Users/acabase/contact-book-backend/app/controllers/HomeController.scala
Nov 08, 2023 10:09:30 AM org.eclipse.lsp4j.jsonrpc.RemoteEndpoint handleCancellation
WARNING: Unmatched cancel notification for request id 6351
Nov 08, 2023 10:09:51 AM org.eclipse.lsp4j.jsonrpc.RemoteEndpoint handleCancellation
WARNING: Unmatched cancel notification for request id 6505
2023.11.08 10:10:38 WARN  no build target for: /Users/acabase/contact-book-backend/app/controllers/HomeController.scala
2023.11.08 10:12:22 WARN  no build target for: /Users/acabase/contact-book-backend/app/controllers/HomeController.scala
2023.11.08 10:12:42 WARN  no build target for: /Users/acabase/contact-book-backend/app/controllers/HomeController.scala
2023.11.08 10:13:36 WARN  no build target for: /Users/acabase/contact-book-backend/app/models/repo/ContactRepo.scala
Nov 08, 2023 10:14:47 AM org.eclipse.lsp4j.jsonrpc.RemoteEndpoint handleCancellation
WARNING: Unmatched cancel notification for request id 7362
2023.11.08 10:14:56 WARN  no build target for: /Users/acabase/contact-book-backend/app/controllers/HomeController.scala
2023.11.08 10:19:09 WARN  no build target for: /Users/acabase/contact-book-backend/app/models/repo/ContactRepo.scala
2023.11.08 10:19:36 WARN  no build target for: /Users/acabase/contact-book-backend/app/models/repo/ContactRepo.scala
2023.11.08 10:20:28 WARN  no build target for: /Users/acabase/contact-book-backend/app/models/repo/ContactRepo.scala
2023.11.08 10:20:28 WARN  no build target for: /Users/acabase/contact-book-backend/app/models/repo/ContactRepo.scala
2023.11.08 10:20:30 WARN  no build target for: /Users/acabase/contact-book-backend/app/models/repo/ContactRepo.scala
2023.11.08 10:20:36 WARN  no build target for: /Users/acabase/contact-book-backend/app/models/repo/ContactRepo.scala
2023.11.08 10:21:26 WARN  no build target for: /Users/acabase/contact-book-backend/app/models/repo/ContactRepo.scala
2023.11.08 10:21:26 WARN  no build target for: /Users/acabase/contact-book-backend/app/models/repo/ContactRepo.scala
Nov 08, 2023 10:25:52 AM org.eclipse.lsp4j.jsonrpc.RemoteEndpoint handleCancellation
WARNING: Unmatched cancel notification for request id 7778
2023.11.08 10:27:25 WARN  no build target for: /Users/acabase/contact-book-backend/app/models/repo/ContactRepo.scala
2023.11.08 10:28:06 WARN  no build target for: /Users/acabase/contact-book-backend/app/models/repo/ContactRepo.scala
2023.11.08 10:28:11 WARN  no build target for: /Users/acabase/contact-book-backend/app/models/repo/ContactRepo.scala
2023.11.08 10:29:39 WARN  no build target for: /Users/acabase/contact-book-backend/app/models/repo/ContactRepo.scala
2023.11.08 10:29:49 WARN  no build target for: /Users/acabase/contact-book-backend/app/models/repo/ContactRepo.scala
Nov 08, 2023 10:30:04 AM org.eclipse.lsp4j.jsonrpc.RemoteEndpoint handleCancellation
WARNING: Unmatched cancel notification for request id 8123
Nov 08, 2023 10:30:21 AM org.eclipse.lsp4j.jsonrpc.RemoteEndpoint handleCancellation
WARNING: Unmatched cancel notification for request id 8223
2023.11.08 10:31:01 WARN  no build target for: /Users/acabase/contact-book-backend/app/controllers/HomeController.scala
2023.11.08 10:35:43 WARN  no build target for: /Users/acabase/contact-book-backend/app/controllers/HomeController.scala
2023.11.08 10:36:01 WARN  no build target for: /Users/acabase/contact-book-backend/app/controllers/HomeController.scala
2023.11.08 10:36:06 WARN  no build target for: /Users/acabase/contact-book-backend/app/controllers/HomeController.scala
Nov 08, 2023 10:36:20 AM org.eclipse.lsp4j.jsonrpc.RemoteEndpoint handleCancellation
WARNING: Unmatched cancel notification for request id 8546
2023.11.08 10:36:46 WARN  no build target for: /Users/acabase/contact-book-backend/app/models/repo/ContactRepo.scala
2023.11.08 10:37:06 WARN  no build target for: /Users/acabase/contact-book-backend/app/models/repo/ContactRepo.scala
2023.11.08 10:37:16 WARN  no build target for: /Users/acabase/contact-book-backend/app/controllers/HomeController.scala
2023.11.08 10:37:33 WARN  no build target for: /Users/acabase/contact-book-backend/app/controllers/HomeController.scala
2023.11.08 10:37:37 WARN  no build target for: /Users/acabase/contact-book-backend/app/controllers/HomeController.scala
2023.11.08 10:39:02 WARN  no build target for: /Users/acabase/contact-book-backend/app/models/repo/ContactRepo.scala
2023.11.08 10:39:20 WARN  no build target for: /Users/acabase/contact-book-backend/app/models/repo/ContactRepo.scala
2023.11.08 13:12:52 WARN  no build target for: /Users/acabase/contact-book-backend/app/models/domain/Contact.scala
Nov 08, 2023 1:13:30 PM org.eclipse.lsp4j.jsonrpc.RemoteEndpoint handleCancellation
WARNING: Unmatched cancel notification for request id 9044
2023.11.08 13:13:40 WARN  no build target for: /Users/acabase/contact-book-backend/app/models/domain/Contact.scala
2023.11.08 13:13:40 WARN  Using indexes to guess the definition of lastName
2023.11.08 13:13:54 WARN  no build target for: /Users/acabase/contact-book-backend/app/models/repo/ContactRepo.scala
2023.11.08 13:15:03 WARN  no build target for: /Users/acabase/contact-book-backend/app/controllers/HomeController.scala
2023.11.08 13:15:14 WARN  no build target for: /Users/acabase/contact-book-backend/app/controllers/HomeController.scala
2023.11.08 13:15:27 WARN  no build target for: /Users/acabase/contact-book-backend/app/controllers/HomeController.scala
2023.11.08 13:16:08 WARN  no build target for: /Users/acabase/contact-book-backend/app/models/repo/ContactRepo.scala
2023.11.08 13:17:36 ERROR Failed to tokenize input for semantic tokens for /Users/acabase/contact-book-backend/app/controllers/HomeController.scala
scala.meta.tokenizers.TokenizeException: <input>:48: error: unclosed string literal
        contactRepo.addContact(contacts.copy(id = UUID.randomUUID())).map { _ => Ok(Json.toJson("))}
                                                                                                ^
	at scala.meta.internal.tokenizers.Reporter.syntaxError(Reporter.scala:23)
	at scala.meta.internal.tokenizers.Reporter.syntaxError$(Reporter.scala:23)
	at scala.meta.internal.tokenizers.Reporter$$anon$1.syntaxError(Reporter.scala:33)
	at scala.meta.internal.tokenizers.Reporter.syntaxError(Reporter.scala:25)
	at scala.meta.internal.tokenizers.Reporter.syntaxError$(Reporter.scala:25)
	at scala.meta.internal.tokenizers.Reporter$$anon$1.syntaxError(Reporter.scala:33)
	at scala.meta.internal.tokenizers.LegacyScanner.getStringLit(LegacyScanner.scala:553)
	at scala.meta.internal.tokenizers.LegacyScanner.fetchDoubleQuote$1(LegacyScanner.scala:372)
	at scala.meta.internal.tokenizers.LegacyScanner.fetchToken(LegacyScanner.scala:376)
	at scala.meta.internal.tokenizers.LegacyScanner.nextToken(LegacyScanner.scala:211)
	at scala.meta.internal.tokenizers.LegacyScanner.foreach(LegacyScanner.scala:1011)
	at scala.meta.internal.tokenizers.ScalametaTokenizer.uncachedTokenize(ScalametaTokenizer.scala:24)
	at scala.meta.internal.tokenizers.ScalametaTokenizer.$anonfun$tokenize$1(ScalametaTokenizer.scala:17)
	at scala.collection.concurrent.TrieMap.getOrElseUpdate(TrieMap.scala:962)
	at scala.meta.internal.tokenizers.ScalametaTokenizer.tokenize(ScalametaTokenizer.scala:17)
	at scala.meta.internal.tokenizers.ScalametaTokenizer$$anon$2.apply(ScalametaTokenizer.scala:332)
	at scala.meta.tokenizers.Api$XtensionTokenizeDialectInput.tokenize(Api.scala:25)
	at scala.meta.tokenizers.Api$XtensionTokenizeInputLike.tokenize(Api.scala:14)
	at scala.meta.internal.metals.SemanticTokensProvider$.getTokens(SemanticTokensProvider.scala:28)
	at scala.meta.internal.metals.SemanticTokensProvider$.provide(SemanticTokensProvider.scala:89)
	at scala.meta.internal.metals.Compilers.$anonfun$semanticTokens$3(Compilers.scala:539)
	at scala.concurrent.impl.Promise$Transformation.run(Promise.scala:467)
	at java.util.concurrent.ThreadPoolExecutor.runWorker(ThreadPoolExecutor.java:1149)
	at java.util.concurrent.ThreadPoolExecutor$Worker.run(ThreadPoolExecutor.java:624)
	at java.lang.Thread.run(Thread.java:748)

2023.11.08 13:17:38 WARN  no build target for: /Users/acabase/contact-book-backend/app/controllers/HomeController.scala
Nov 08, 2023 1:29:33 PM org.eclipse.lsp4j.jsonrpc.RemoteEndpoint handleCancellation
WARNING: Unmatched cancel notification for request id 9365
Nov 08, 2023 3:07:14 PM org.eclipse.lsp4j.jsonrpc.RemoteEndpoint handleCancellation
WARNING: Unmatched cancel notification for request id 9373
2023.11.08 15:13:46 WARN  no build target for: /Users/acabase/contact-book-backend/app/controllers/HomeController.scala
Nov 08, 2023 3:13:52 PM org.eclipse.lsp4j.jsonrpc.RemoteEndpoint handleCancellation
WARNING: Unmatched cancel notification for request id 9386
2023.11.08 15:14:14 WARN  no build target for: /Users/acabase/contact-book-backend/app/models/repo/ContactRepo.scala
2023.11.08 15:14:28 WARN  no build target for: /Users/acabase/contact-book-backend/app/controllers/HomeController.scala
2023.11.08 15:39:46 WARN  no build target for: /Users/acabase/contact-book-backend/app/models/repo/ContactRepo.scala
2023.11.08 15:40:25 WARN  no build target for: /Users/acabase/contact-book-backend/app/controllers/HomeController.scala
2023.11.08 16:33:12 WARN  Using indexes to guess the definition of contacts
2023.11.08 16:33:12 WARN  no build target for: /Users/acabase/contact-book-backend/app/controllers/HomeController.scala
Nov 08, 2023 4:38:17 PM org.eclipse.lsp4j.jsonrpc.RemoteEndpoint handleCancellation
WARNING: Unmatched cancel notification for request id 9792
Nov 08, 2023 4:38:50 PM org.eclipse.lsp4j.jsonrpc.RemoteEndpoint handleCancellation
WARNING: Unmatched cancel notification for request id 9809
Nov 08, 2023 4:54:25 PM org.eclipse.lsp4j.jsonrpc.services.GenericEndpoint notify
INFO: Unsupported notification method: $/setTrace
